<?xml version="1.0" encoding="UTF-8"?>
<!-- Generated by org.testng.reporters.JUnitXMLReporter -->
<testsuite ignored="16" hostname="SSSLT025" failures="0" tests="4" name="Default test(failed)" time="84.96" errors="0" timestamp="2024-05-22T18:23:11 IST">
  <testcase classname="allPages.Schedulers" name="TC09" time="12.796"/>
  <testcase classname="allPages.Schedulers" name="TC13" time="11.675"/>
  <testcase classname="allPages.Schedulers" name="TC15" time="17.372"/>
  <testcase classname="allPages.Schedulers" name="TC18" time="10.561"/>
  <testcase classname="allPages.Schedulers" name="ACHSchedulerBtn" time="0.0">
    <ignored/>
  </testcase> <!-- ACHSchedulerBtn -->
  <testcase classname="allPages.Schedulers" name="TC05" time="0.0">
    <ignored/>
  </testcase> <!-- TC05 -->
  <testcase classname="allPages.Schedulers" name="TC16" time="0.0">
    <ignored/>
  </testcase> <!-- TC16 -->
  <testcase classname="allPages.Schedulers" name="TC17" time="0.0">
    <ignored/>
  </testcase> <!-- TC17 -->
  <testcase classname="allPages.Schedulers" name="TC06" time="0.0">
    <ignored/>
  </testcase> <!-- TC06 -->
  <testcase classname="allPages.Schedulers" name="TC01" time="0.0">
    <ignored/>
  </testcase> <!-- TC01 -->
  <testcase classname="allPages.Schedulers" name="TC12" time="0.0">
    <ignored/>
  </testcase> <!-- TC12 -->
  <testcase classname="allPages.Schedulers" name="TC02" time="0.0">
    <ignored/>
  </testcase> <!-- TC02 -->
  <testcase classname="allPages.Schedulers" name="TC07" time="0.0">
    <ignored/>
  </testcase> <!-- TC07 -->
  <testcase classname="allPages.Schedulers" name="TC08" time="0.0">
    <ignored/>
  </testcase> <!-- TC08 -->
  <testcase classname="allPages.Schedulers" name="TC14" time="0.0">
    <ignored/>
  </testcase> <!-- TC14 -->
  <testcase classname="allPages.Schedulers" name="TC03" time="0.0">
    <ignored/>
  </testcase> <!-- TC03 -->
  <testcase classname="allPages.Schedulers" name="NoPaymentBtn" time="0.0">
    <ignored/>
  </testcase> <!-- NoPaymentBtn -->
  <testcase classname="allPages.Schedulers" name="TC04" time="0.0">
    <ignored/>
  </testcase> <!-- TC04 -->
  <testcase classname="allPages.Schedulers" name="TC10" time="0.0">
    <ignored/>
  </testcase> <!-- TC10 -->
  <testcase classname="allPages.Schedulers" name="TC11" time="0.0">
    <ignored/>
  </testcase> <!-- TC11 -->
</testsuite> <!-- Default test(failed) -->
