<?xml version="1.0" encoding="UTF-8"?>
<!-- Generated by org.testng.reporters.JUnitXMLReporter -->
<testsuite ignored="38" hostname="SSSLT025" failures="0" tests="1" name="Default test" time="10.766" errors="0" timestamp="2024-09-05T10:07:34 IST">
  <testcase classname="allPages.BankSetup" name="AuthorizedNetClick" time="6.745"/>
  <testcase classname="allPages.BankSetup" name="TC21" time="0.0">
    <ignored/>
  </testcase> <!-- TC21 -->
  <testcase classname="allPages.BankSetup" name="EventLog" time="0.0">
    <ignored/>
  </testcase> <!-- EventLog -->
  <testcase classname="allPages.BankSetup" name="TC33" time="0.0">
    <ignored/>
  </testcase> <!-- TC33 -->
  <testcase classname="allPages.BankSetup" name="TC11" time="0.0">
    <ignored/>
  </testcase> <!-- TC11 -->
  <testcase classname="allPages.BankSetup" name="TC09" time="0.0">
    <ignored/>
  </testcase> <!-- TC09 -->
  <testcase classname="allPages.BankSetup" name="BankSetupClick" time="0.0">
    <ignored/>
  </testcase> <!-- BankSetupClick -->
  <testcase classname="allPages.BankSetup" name="TC14" time="0.0">
    <ignored/>
  </testcase> <!-- TC14 -->
  <testcase classname="allPages.BankSetup" name="TC28" time="0.0">
    <ignored/>
  </testcase> <!-- TC28 -->
  <testcase classname="allPages.BankSetup" name="TC06" time="0.0">
    <ignored/>
  </testcase> <!-- TC06 -->
  <testcase classname="allPages.BankSetup" name="TC12" time="0.0">
    <ignored/>
  </testcase> <!-- TC12 -->
  <testcase classname="allPages.BankSetup" name="TC26" time="0.0">
    <ignored/>
  </testcase> <!-- TC26 -->
  <testcase classname="allPages.BankSetup" name="TC04" time="0.0">
    <ignored/>
  </testcase> <!-- TC04 -->
  <testcase classname="allPages.BankSetup" name="TC24" time="0.0">
    <ignored/>
  </testcase> <!-- TC24 -->
  <testcase classname="allPages.BankSetup" name="TC02" time="0.0">
    <ignored/>
  </testcase> <!-- TC02 -->
  <testcase classname="allPages.BankSetup" name="IPWhitelist" time="0.0">
    <ignored/>
  </testcase> <!-- IPWhitelist -->
  <testcase classname="allPages.BankSetup" name="TC31" time="0.0">
    <ignored/>
  </testcase> <!-- TC31 -->
  <testcase classname="allPages.BankSetup" name="UserLog" time="0.0">
    <ignored/>
  </testcase> <!-- UserLog -->
  <testcase classname="allPages.BankSetup" name="TC18" time="0.0">
    <ignored/>
  </testcase> <!-- TC18 -->
  <testcase classname="allPages.BankSetup" name="TC16" time="0.0">
    <ignored/>
  </testcase> <!-- TC16 -->
  <testcase classname="allPages.BankSetup" name="TC08" time="0.0">
    <ignored/>
  </testcase> <!-- TC08 -->
  <testcase classname="allPages.BankSetup" name="TC32" time="0.0">
    <ignored/>
  </testcase> <!-- TC32 -->
  <testcase classname="allPages.BankSetup" name="TC10" time="0.0">
    <ignored/>
  </testcase> <!-- TC10 -->
  <testcase classname="allPages.BankSetup" name="TC30" time="0.0">
    <ignored/>
  </testcase> <!-- TC30 -->
  <testcase classname="allPages.BankSetup" name="TC22" time="0.0">
    <ignored/>
  </testcase> <!-- TC22 -->
  <testcase classname="allPages.BankSetup" name="TC25" time="0.0">
    <ignored/>
  </testcase> <!-- TC25 -->
  <testcase classname="allPages.BankSetup" name="TC03" time="0.0">
    <ignored/>
  </testcase> <!-- TC03 -->
  <testcase classname="allPages.BankSetup" name="TC17" time="0.0">
    <ignored/>
  </testcase> <!-- TC17 -->
  <testcase classname="allPages.BankSetup" name="TC23" time="0.0">
    <ignored/>
  </testcase> <!-- TC23 -->
  <testcase classname="allPages.BankSetup" name="TC01" time="0.0">
    <ignored/>
  </testcase> <!-- TC01 -->
  <testcase classname="allPages.BankSetup" name="TC15" time="0.0">
    <ignored/>
  </testcase> <!-- TC15 -->
  <testcase classname="allPages.BankSetup" name="ExceptionLog" time="0.0">
    <ignored/>
  </testcase> <!-- ExceptionLog -->
  <testcase classname="allPages.BankSetup" name="TC13" time="0.0">
    <ignored/>
  </testcase> <!-- TC13 -->
  <testcase classname="allPages.BankSetup" name="TC20" time="0.0">
    <ignored/>
  </testcase> <!-- TC20 -->
  <testcase classname="allPages.BankSetup" name="TC29" time="0.0">
    <ignored/>
  </testcase> <!-- TC29 -->
  <testcase classname="allPages.BankSetup" name="TC07" time="0.0">
    <ignored/>
  </testcase> <!-- TC07 -->
  <testcase classname="allPages.BankSetup" name="TC27" time="0.0">
    <ignored/>
  </testcase> <!-- TC27 -->
  <testcase classname="allPages.BankSetup" name="TC05" time="0.0">
    <ignored/>
  </testcase> <!-- TC05 -->
  <testcase classname="allPages.BankSetup" name="TC19" time="0.0">
    <ignored/>
  </testcase> <!-- TC19 -->
</testsuite> <!-- Default test -->
