<?xml version="1.0" encoding="UTF-8"?>
<testng-results ignored="0" total="1" passed="1" failed="0" skipped="0">
  <reporter-output>
  </reporter-output>
  <suite started-at="2024-09-09T18:15:46 IST" name="Default suite" finished-at="2024-09-09T18:16:07 IST" duration-ms="21060">
    <groups>
    </groups>
    <test started-at="2024-09-09T18:15:46 IST" name="Default test" finished-at="2024-09-09T18:16:07 IST" duration-ms="21060">
      <class name="allPages.InvestorSetup">
        <test-method is-config="true" signature="launch()[pri:0, instance:allPages.InvestorSetup@273e7444]" started-at="2024-09-09T18:15:46 IST" name="launch" finished-at="2024-09-09T18:15:46 IST" duration-ms="13" status="PASS">
          <reporter-output>
          </reporter-output>
        </test-method> <!-- launch -->
        <test-method is-config="true" signature="setUp()[pri:0, instance:allPages.InvestorSetup@273e7444]" started-at="2024-09-09T18:15:46 IST" name="setUp" finished-at="2024-09-09T18:15:50 IST" duration-ms="4528" status="PASS">
          <reporter-output>
          </reporter-output>
        </test-method> <!-- setUp -->
        <test-method signature="TC10()[pri:11, instance:allPages.InvestorSetup@273e7444]" started-at="2024-09-09T18:15:50 IST" name="TC10" finished-at="2024-09-09T18:16:07 IST" duration-ms="16433" status="PASS">
          <reporter-output>
          </reporter-output>
        </test-method> <!-- TC10 -->
      </class> <!-- allPages.InvestorSetup -->
    </test> <!-- Default test -->
  </suite> <!-- Default suite -->
</testng-results>
